2022-06-25 20:33:39,924 [restartedMain] INFO  c.u.e.d.ProyectoU2EsApplication                    - Starting ProyectoU2EsApplication using Java 17.0.2 on DESKTOP-3IUS0VD with PID 8384 (C:\Users\intel inside\Documents\workspace-spring-tool-suite-4-4.14.1.RELEASE\proyecto_u2_es\target\classes started by intel inside in C:\Users\intel inside\Documents\workspace-spring-tool-suite-4-4.14.1.RELEASE\proyecto_u2_es) 
2022-06-25 20:33:39,926 [restartedMain] INFO  c.u.e.d.ProyectoU2EsApplication                    - No active profile set, falling back to 1 default profile: "default" 
2022-06-25 20:33:39,955 [restartedMain] INFO  o.s.b.d.e.DevToolsPropertyDefaultsPostProcessor    - Devtools property defaults active! Set 'spring.devtools.add-properties' to 'false' to disable 
2022-06-25 20:33:40,244 [restartedMain] INFO  o.s.d.r.c.RepositoryConfigurationDelegate          - Bootstrapping Spring Data JPA repositories in DEFAULT mode. 
2022-06-25 20:33:40,254 [restartedMain] INFO  o.s.d.r.c.RepositoryConfigurationDelegate          - Finished Spring Data repository scanning in 4 ms. Found 0 JPA repository interfaces. 
2022-06-25 20:33:40,496 [restartedMain] INFO  o.h.j.i.u.LogHelper                                - HHH000204: Processing PersistenceUnitInfo [name: default] 
2022-06-25 20:33:40,532 [restartedMain] INFO  o.h.Version                                        - HHH000412: Hibernate ORM core version 5.6.9.Final 
2022-06-25 20:33:40,649 [restartedMain] INFO  o.h.a.c.Version                                    - HCANN000001: Hibernate Commons Annotations {5.1.2.Final} 
2022-06-25 20:33:40,720 [restartedMain] INFO  c.z.h.HikariDataSource                             - HikariPool-1 - Starting... 
2022-06-25 20:33:40,850 [restartedMain] INFO  c.z.h.HikariDataSource                             - HikariPool-1 - Start completed. 
2022-06-25 20:33:40,863 [restartedMain] INFO  o.h.d.Dialect                                      - HHH000400: Using dialect: org.hibernate.dialect.PostgreSQLDialect 
2022-06-25 20:33:41,023 [restartedMain] INFO  o.h.e.t.j.p.i.JtaPlatformInitiator                 - HHH000490: Using JtaPlatform implementation: [org.hibernate.engine.transaction.jta.platform.internal.NoJtaPlatform] 
2022-06-25 20:33:41,030 [restartedMain] INFO  o.s.o.j.LocalContainerEntityManagerFactoryBean     - Initialized JPA EntityManagerFactory for persistence unit 'default' 
2022-06-25 20:33:41,110 [restartedMain] INFO  o.s.b.d.a.OptionalLiveReloadServer                 - LiveReload server is running on port 35729 
2022-06-25 20:33:41,124 [restartedMain] INFO  c.u.e.d.ProyectoU2EsApplication                    - Started ProyectoU2EsApplication in 1.43 seconds (JVM running for 2.175) 
2022-06-25 20:33:41,126 [restartedMain] INFO  c.u.e.d.ProyectoU2EsApplication                    - Hola mundo xddddddddddddd 
2022-06-25 20:33:41,131 [SpringApplicationShutdownHook] INFO  o.s.o.j.LocalContainerEntityManagerFactoryBean     - Closing JPA EntityManagerFactory for persistence unit 'default' 
2022-06-25 20:33:41,135 [SpringApplicationShutdownHook] INFO  c.z.h.HikariDataSource                             - HikariPool-1 - Shutdown initiated... 
2022-06-25 20:33:41,164 [SpringApplicationShutdownHook] INFO  c.z.h.HikariDataSource                             - HikariPool-1 - Shutdown completed. 
2022-06-25 20:37:52,812 [restartedMain] INFO  c.u.e.d.ProyectoU2EsApplication                    - Starting ProyectoU2EsApplication using Java 17.0.2 on DESKTOP-3IUS0VD with PID 12532 (C:\Users\intel inside\Documents\workspace-spring-tool-suite-4-4.14.1.RELEASE\proyecto_u2_es\target\classes started by intel inside in C:\Users\intel inside\Documents\workspace-spring-tool-suite-4-4.14.1.RELEASE\proyecto_u2_es) 
2022-06-25 20:37:52,814 [restartedMain] INFO  c.u.e.d.ProyectoU2EsApplication                    - No active profile set, falling back to 1 default profile: "default" 
2022-06-25 20:37:52,845 [restartedMain] INFO  o.s.b.d.e.DevToolsPropertyDefaultsPostProcessor    - Devtools property defaults active! Set 'spring.devtools.add-properties' to 'false' to disable 
2022-06-25 20:37:53,136 [restartedMain] INFO  o.s.d.r.c.RepositoryConfigurationDelegate          - Bootstrapping Spring Data JPA repositories in DEFAULT mode. 
2022-06-25 20:37:53,146 [restartedMain] INFO  o.s.d.r.c.RepositoryConfigurationDelegate          - Finished Spring Data repository scanning in 5 ms. Found 0 JPA repository interfaces. 
2022-06-25 20:37:53,393 [restartedMain] INFO  o.h.j.i.u.LogHelper                                - HHH000204: Processing PersistenceUnitInfo [name: default] 
2022-06-25 20:37:53,429 [restartedMain] INFO  o.h.Version                                        - HHH000412: Hibernate ORM core version 5.6.9.Final 
2022-06-25 20:37:53,542 [restartedMain] INFO  o.h.a.c.Version                                    - HCANN000001: Hibernate Commons Annotations {5.1.2.Final} 
2022-06-25 20:37:53,616 [restartedMain] INFO  c.z.h.HikariDataSource                             - HikariPool-1 - Starting... 
2022-06-25 20:37:53,751 [restartedMain] INFO  c.z.h.HikariDataSource                             - HikariPool-1 - Start completed. 
2022-06-25 20:37:53,763 [restartedMain] INFO  o.h.d.Dialect                                      - HHH000400: Using dialect: org.hibernate.dialect.PostgreSQLDialect 
2022-06-25 20:37:53,933 [restartedMain] INFO  o.h.e.t.j.p.i.JtaPlatformInitiator                 - HHH000490: Using JtaPlatform implementation: [org.hibernate.engine.transaction.jta.platform.internal.NoJtaPlatform] 
2022-06-25 20:37:53,941 [restartedMain] INFO  o.s.o.j.LocalContainerEntityManagerFactoryBean     - Initialized JPA EntityManagerFactory for persistence unit 'default' 
2022-06-25 20:37:54,022 [restartedMain] INFO  o.s.b.d.a.OptionalLiveReloadServer                 - LiveReload server is running on port 35729 
2022-06-25 20:37:54,038 [restartedMain] INFO  c.u.e.d.ProyectoU2EsApplication                    - Started ProyectoU2EsApplication in 1.478 seconds (JVM running for 2.2) 
2022-06-25 20:37:54,039 [restartedMain] INFO  c.u.e.d.ProyectoU2EsApplication                    - HOLA MUNDO 
2022-06-25 20:37:54,045 [SpringApplicationShutdownHook] INFO  o.s.o.j.LocalContainerEntityManagerFactoryBean     - Closing JPA EntityManagerFactory for persistence unit 'default' 
2022-06-25 20:37:54,048 [SpringApplicationShutdownHook] INFO  c.z.h.HikariDataSource                             - HikariPool-1 - Shutdown initiated... 
2022-06-25 20:37:54,067 [SpringApplicationShutdownHook] INFO  c.z.h.HikariDataSource                             - HikariPool-1 - Shutdown completed. 
